Added Component: Designator=C1(0603C-3D)
Added Component: Designator=C2(0603C-3D)
Added Component: Designator=C3(0603C-3D)
Added Component: Designator=C4(0603C-3D)
Added Component: Designator=C5(0603C-3D)
Added Component: Designator=C6(0603C-3D)
Added Component: Designator=C7(0603C-3D)
Added Component: Designator=C8(0603C-3D)
Added Component: Designator=D1(SOD-323_L1.8-W1.3-LS2.5-RD)
Added Component: Designator=J1(PCBComponent_1 - duplicate)
Added Component: Designator=R1(0603R-3D)
Added Component: Designator=R2(0603R-3D)
Added Component: Designator=R3(0603R-3D)
Added Component: Designator=R4(0603R-3D)
Added Component: Designator=R5(0603R-3D)
Added Component: Designator=R6(0603R-3D)
Added Component: Designator=U1(1.3-OLED)
Added Component: Designator=U2(SOT-353_L2.1-W1.3-P0.65-LS2.3-BL)
Added Pin To Net: NetName=3.3V1 Pin=C3-2
Added Pin To Net: NetName=3.3V1 Pin=C5-2
Added Pin To Net: NetName=3.3V1 Pin=D1-1
Added Pin To Net: NetName=3.3V1 Pin=R1-1
Added Pin To Net: NetName=3.3V1 Pin=R3-2
Added Pin To Net: NetName=3.3V1 Pin=R4-2
Added Pin To Net: NetName=3.3V1 Pin=R5-2
Added Pin To Net: NetName=3.3V1 Pin=U1-6
Added Pin To Net: NetName=3.3V1 Pin=U1-9
Added Pin To Net: NetName=3.3V1 Pin=U1-11
Added Pin To Net: NetName=3.3V1 Pin=U2-5
Added Net: Name=3.3V1
Added Pin To Net: NetName=5V1 Pin=C4-2
Added Pin To Net: NetName=5V1 Pin=J1-2
Added Pin To Net: NetName=5V1 Pin=U2-1
Added Pin To Net: NetName=5V1 Pin=U2-3
Added Net: Name=5V1
Added Pin To Net: NetName=GND1 Pin=C4-1
Added Pin To Net: NetName=GND1 Pin=C5-1
Added Pin To Net: NetName=GND1 Pin=C8-1
Added Pin To Net: NetName=GND1 Pin=J1-1
Added Pin To Net: NetName=GND1 Pin=R6-1
Added Pin To Net: NetName=GND1 Pin=U1-1
Added Pin To Net: NetName=GND1 Pin=U2-2
Added Net: Name=GND1
Added Pin To Net: NetName=GND Pin=C3-1
Added Pin To Net: NetName=GND Pin=C6-1
Added Pin To Net: NetName=GND Pin=C7-2
Added Pin To Net: NetName=GND Pin=R2-1
Added Pin To Net: NetName=GND Pin=U1-8
Added Pin To Net: NetName=GND Pin=U1-10
Added Pin To Net: NetName=GND Pin=U1-12
Added Pin To Net: NetName=GND Pin=U1-13
Added Pin To Net: NetName=GND Pin=U1-16
Added Pin To Net: NetName=GND Pin=U1-17
Added Pin To Net: NetName=GND Pin=U1-21
Added Pin To Net: NetName=GND Pin=U1-22
Added Pin To Net: NetName=GND Pin=U1-23
Added Pin To Net: NetName=GND Pin=U1-24
Added Pin To Net: NetName=GND Pin=U1-25
Added Pin To Net: NetName=GND Pin=U1-29
Added Pin To Net: NetName=GND Pin=U1-30
Added Net: Name=GND
Added Pin To Net: NetName=NetC1_1 Pin=C1-1
Added Pin To Net: NetName=NetC1_1 Pin=U1-5
Added Net: Name=NetC1_1
Added Pin To Net: NetName=NetC1_2 Pin=C1-2
Added Pin To Net: NetName=NetC1_2 Pin=U1-4
Added Net: Name=NetC1_2
Added Pin To Net: NetName=NetC2_1 Pin=C2-1
Added Pin To Net: NetName=NetC2_1 Pin=U1-3
Added Net: Name=NetC2_1
Added Pin To Net: NetName=NetC2_2 Pin=C2-2
Added Pin To Net: NetName=NetC2_2 Pin=U1-2
Added Net: Name=NetC2_2
Added Pin To Net: NetName=NetC6_2 Pin=C6-2
Added Pin To Net: NetName=NetC6_2 Pin=U1-27
Added Net: Name=NetC6_2
Added Pin To Net: NetName=NetC7_1 Pin=C7-1
Added Pin To Net: NetName=NetC7_1 Pin=U1-28
Added Net: Name=NetC7_1
Added Pin To Net: NetName=NetC8_2 Pin=C8-2
Added Pin To Net: NetName=NetC8_2 Pin=D1-2
Added Pin To Net: NetName=NetC8_2 Pin=R1-2
Added Pin To Net: NetName=NetC8_2 Pin=U1-14
Added Net: Name=NetC8_2
Added Pin To Net: NetName=NetR2_2 Pin=R2-2
Added Pin To Net: NetName=NetR2_2 Pin=U1-26
Added Net: Name=NetR2_2
Added Pin To Net: NetName=NetR5_1 Pin=R5-1
Added Pin To Net: NetName=NetR5_1 Pin=R6-2
Added Pin To Net: NetName=NetR5_1 Pin=U1-15
Added Net: Name=NetR5_1
Added Pin To Net: NetName=SCL Pin=J1-3
Added Pin To Net: NetName=SCL Pin=R3-1
Added Pin To Net: NetName=SCL Pin=U1-18
Added Net: Name=SCL
Added Pin To Net: NetName=SDA Pin=J1-4
Added Pin To Net: NetName=SDA Pin=R4-1
Added Pin To Net: NetName=SDA Pin=U1-19
Added Pin To Net: NetName=SDA Pin=U1-20
Added Net: Name=SDA
Added Class: Name=Sheet1
Added Room: Name=Sheet1
