Replace Part C1 1u in C:\Users\Public\Documents\Altium\Sheet1.SchDoc with 1u from PCB_Project.SCHLIB
Replace Part C2 1u in C:\Users\Public\Documents\Altium\Sheet1.SchDoc with 1u from PCB_Project.SCHLIB
Replace Part C3 1u in C:\Users\Public\Documents\Altium\Sheet1.SchDoc with 1u from PCB_Project.SCHLIB
Replace Part C4 1u in C:\Users\Public\Documents\Altium\Sheet1.SchDoc with 1u from PCB_Project.SCHLIB
Replace Part C5 2.2u in C:\Users\Public\Documents\Altium\Sheet1.SchDoc with 2.2u from PCB_Project.SCHLIB
Replace Part C6 10uF in C:\Users\Public\Documents\Altium\Sheet1.SchDoc with 10uF from shoubiao3.0.SCHLIB
Replace Part C7 10uF in C:\Users\Public\Documents\Altium\Sheet1.SchDoc with 10uF from shoubiao3.0.SCHLIB
Replace Part C8 4.7u in C:\Users\Public\Documents\Altium\Sheet1.SchDoc with 4.7u from PCB_Project.SCHLIB
Replace Part C9 2.2u in C:\Users\Public\Documents\Altium\Sheet1.SchDoc with 2.2u from PCB_Project.SCHLIB
Replace Part C10 4.7u in C:\Users\Public\Documents\Altium\Sheet1.SchDoc with 4.7u from PCB_Project.SCHLIB
Replace Part C11 100nF in C:\Users\Public\Documents\Altium\Sheet1.SchDoc with 100nF from shoubiao3.0.SCHLIB
Replace Part C12 100nF in C:\Users\Public\Documents\Altium\Sheet1.SchDoc with 100nF from shoubiao3.0.SCHLIB
Replace Part C14 1u in C:\Users\Public\Documents\Altium\Sheet1.SchDoc with 1u from PCB_Project.SCHLIB
Replace Part D1 1N4148WS in C:\Users\Public\Documents\Altium\Sheet1.SchDoc with 1N4148WS from PCB_Project.SCHLIB
Replace Part LED1 TJ-S1608SW6TGLC2G-A5 in C:\Users\Public\Documents\Altium\Sheet1.SchDoc with TJ-S1608SW6TGLC2G-A5 from shoubiao3.0.SCHLIB
Replace Part Q1 8050SG-D-AE3-R in C:\Users\Public\Documents\Altium\Sheet1.SchDoc with 8050SG-D-AE3-R from CH340k.SCHLIB
Replace Part Q2 8050SG-D-AE3-R in C:\Users\Public\Documents\Altium\Sheet1.SchDoc with 8050SG-D-AE3-R from CH340k.SCHLIB
Replace Part R1 10K in C:\Users\Public\Documents\Altium\Sheet1.SchDoc with 10K from CH340k.SCHLIB
Replace Part R2 10K in C:\Users\Public\Documents\Altium\Sheet1.SchDoc with 10K from CH340k.SCHLIB
Replace Part R3 32K in C:\Users\Public\Documents\Altium\Sheet1.SchDoc with 32K from CH340k.SCHLIB
Replace Part R4 220K in C:\Users\Public\Documents\Altium\Sheet1.SchDoc with 220K from CH340k.SCHLIB
Replace Part R5 10K in C:\Users\Public\Documents\Altium\Sheet1.SchDoc with 10K from CH340k.SCHLIB
Replace Part R6 10K in C:\Users\Public\Documents\Altium\Sheet1.SchDoc with 10K from CH340k.SCHLIB
Replace Part R7 10K in C:\Users\Public\Documents\Altium\Sheet1.SchDoc with 10K from CH340k.SCHLIB
Replace Part R8 10K in C:\Users\Public\Documents\Altium\Sheet1.SchDoc with 10K from CH340k.SCHLIB
Replace Part R9 10K in C:\Users\Public\Documents\Altium\Sheet1.SchDoc with 10K from CH340k.SCHLIB
Replace Part R10 4.7K in C:\Users\Public\Documents\Altium\Sheet1.SchDoc with 4.7K from PCB_Project.SCHLIB
Replace Part R11 620K in C:\Users\Public\Documents\Altium\Sheet1.SchDoc with 620K from PCB_Project.SCHLIB
Replace Part R12 10K in C:\Users\Public\Documents\Altium\Sheet1.SchDoc with 10K from CH340k.SCHLIB
Replace Part R13 4.7K in C:\Users\Public\Documents\Altium\Sheet1.SchDoc with 4.7K from PCB_Project.SCHLIB
Replace Part R14 4.7K in C:\Users\Public\Documents\Altium\Sheet1.SchDoc with 4.7K from PCB_Project.SCHLIB
Replace Part R15 4.7K in C:\Users\Public\Documents\Altium\Sheet1.SchDoc with 4.7K from PCB_Project.SCHLIB
Replace Part R16 4.7K in C:\Users\Public\Documents\Altium\Sheet1.SchDoc with 4.7K from PCB_Project.SCHLIB
Replace Part SW1 K2-1107ST-A4SW-06 in C:\Users\Public\Documents\Altium\Sheet1.SchDoc with K2-1107ST-A4SW-06 from shoubiao3.0.SCHLIB
Replace Part SW2 K2-1107ST-A4SW-06 in C:\Users\Public\Documents\Altium\Sheet1.SchDoc with K2-1107ST-A4SW-06 from shoubiao3.0.SCHLIB
Replace Part U1 OLED-30Pin in C:\Users\Public\Documents\Altium\Sheet1.SchDoc with OLED-30Pin from PCB_Project.SCHLIB
Replace Part U2 ME6211C33R5G in C:\Users\Public\Documents\Altium\Sheet1.SchDoc with ME6211C33R5G from PCB_Project.SCHLIB
Replace Part U4 3.3vѹоƬ in C:\Users\Public\Documents\Altium\Sheet1.SchDoc with 3.3vѹоƬ from CH340k.SCHLIB
Replace Part U6 CH340K in C:\Users\Public\Documents\Altium\Sheet1.SchDoc with CH340K from CH340k.SCHLIB
Replace Part ĸ1 ĸ 6pin in C:\Users\Public\Documents\Altium\Sheet1.SchDoc with ĸ 6pin from CH340k.SCHLIB
Replace Part ĸ2 ĸ 6pin in C:\Users\Public\Documents\Altium\Sheet1.SchDoc with ĸ 6pin from CH340k.SCHLIB
Replace Part ĸ3 5PIN ĸ in C:\Users\Public\Documents\Altium\Sheet1.SchDoc with 5PIN ĸ from CH340k.SCHLIB
